This is pdfTeX, Version 3.14159265-2.6-1.40.16 (TeX Live 2015/Debian) (preloaded format=pdflatex 2017.10.28)  29 MAR 2018 17:39
entering extended mode
 restricted \write18 enabled.
 %&-line parsing enabled.
**ED.tex
(./ED.tex
LaTeX2e <2016/02/01>
Babel <3.9q> and hyphenation patterns for 81 language(s) loaded.
(/usr/share/texlive/texmf-dist/tex/latex/base/report.cls
Document Class: report 2014/09/29 v1.4h Standard LaTeX document class
(/usr/share/texlive/texmf-dist/tex/latex/base/size10.clo
File: size10.clo 2014/09/29 v1.4h Standard LaTeX file (size option)
)
\c@part=\count79
\c@chapter=\count80
\c@section=\count81
\c@subsection=\count82
\c@subsubsection=\count83
\c@paragraph=\count84
\c@subparagraph=\count85
\c@figure=\count86
\c@table=\count87
\abovecaptionskip=\skip41
\belowcaptionskip=\skip42
\bibindent=\dimen102
)
(/usr/share/texlive/texmf-dist/tex/latex/graphics/graphicx.sty
Package: graphicx 2014/10/28 v1.0g Enhanced LaTeX Graphics (DPC,SPQR)

(/usr/share/texlive/texmf-dist/tex/latex/graphics/keyval.sty
Package: keyval 2014/10/28 v1.15 key=value parser (DPC)
\KV@toks@=\toks14
)
(/usr/share/texlive/texmf-dist/tex/latex/graphics/graphics.sty
Package: graphics 2016/01/03 v1.0q Standard LaTeX Graphics (DPC,SPQR)

(/usr/share/texlive/texmf-dist/tex/latex/graphics/trig.sty
Package: trig 2016/01/03 v1.10 sin cos tan (DPC)
)
(/usr/share/texlive/texmf-dist/tex/latex/latexconfig/graphics.cfg
File: graphics.cfg 2010/04/23 v1.9 graphics configuration of TeX Live
)
Package graphics Info: Driver file: pdftex.def on input line 95.

(/usr/share/texlive/texmf-dist/tex/latex/pdftex-def/pdftex.def
File: pdftex.def 2011/05/27 v0.06d Graphics/color for pdfTeX

(/usr/share/texlive/texmf-dist/tex/generic/oberdiek/infwarerr.sty
Package: infwarerr 2010/04/08 v1.3 Providing info/warning/error messages (HO)
)
(/usr/share/texlive/texmf-dist/tex/generic/oberdiek/ltxcmds.sty
Package: ltxcmds 2011/11/09 v1.22 LaTeX kernel commands for general use (HO)
)
\Gread@gobject=\count88
))
\Gin@req@height=\dimen103
\Gin@req@width=\dimen104
)
(/usr/share/texlive/texmf-dist/tex/latex/base/inputenc.sty
Package: inputenc 2015/03/17 v1.2c Input encoding file
\inpenc@prehook=\toks15
\inpenc@posthook=\toks16

(/usr/share/texlive/texmf-dist/tex/latex/base/utf8.def
File: utf8.def 2015/12/03 v1.1r UTF-8 support for inputenc
Now handling font encoding OML ...
... no UTF-8 mapping file for font encoding OML
Now handling font encoding T1 ...
... processing UTF-8 mapping file for font encoding T1

(/usr/share/texlive/texmf-dist/tex/latex/base/t1enc.dfu
File: t1enc.dfu 2015/12/03 v1.1r UTF-8 support for inputenc
   defining Unicode char U+00A0 (decimal 160)
   defining Unicode char U+00A1 (decimal 161)
   defining Unicode char U+00A3 (decimal 163)
   defining Unicode char U+00AB (decimal 171)
   defining Unicode char U+00AD (decimal 173)
   defining Unicode char U+00BB (decimal 187)
   defining Unicode char U+00BF (decimal 191)
   defining Unicode char U+00C0 (decimal 192)
   defining Unicode char U+00C1 (decimal 193)
   defining Unicode char U+00C2 (decimal 194)
   defining Unicode char U+00C3 (decimal 195)
   defining Unicode char U+00C4 (decimal 196)
   defining Unicode char U+00C5 (decimal 197)
   defining Unicode char U+00C6 (decimal 198)
   defining Unicode char U+00C7 (decimal 199)
   defining Unicode char U+00C8 (decimal 200)
   defining Unicode char U+00C9 (decimal 201)
   defining Unicode char U+00CA (decimal 202)
   defining Unicode char U+00CB (decimal 203)
   defining Unicode char U+00CC (decimal 204)
   defining Unicode char U+00CD (decimal 205)
   defining Unicode char U+00CE (decimal 206)
   defining Unicode char U+00CF (decimal 207)
   defining Unicode char U+00D0 (decimal 208)
   defining Unicode char U+00D1 (decimal 209)
   defining Unicode char U+00D2 (decimal 210)
   defining Unicode char U+00D3 (decimal 211)
   defining Unicode char U+00D4 (decimal 212)
   defining Unicode char U+00D5 (decimal 213)
   defining Unicode char U+00D6 (decimal 214)
   defining Unicode char U+00D8 (decimal 216)
   defining Unicode char U+00D9 (decimal 217)
   defining Unicode char U+00DA (decimal 218)
   defining Unicode char U+00DB (decimal 219)
   defining Unicode char U+00DC (decimal 220)
   defining Unicode char U+00DD (decimal 221)
   defining Unicode char U+00DE (decimal 222)
   defining Unicode char U+00DF (decimal 223)
   defining Unicode char U+00E0 (decimal 224)
   defining Unicode char U+00E1 (decimal 225)
   defining Unicode char U+00E2 (decimal 226)
   defining Unicode char U+00E3 (decimal 227)
   defining Unicode char U+00E4 (decimal 228)
   defining Unicode char U+00E5 (decimal 229)
   defining Unicode char U+00E6 (decimal 230)
   defining Unicode char U+00E7 (decimal 231)
   defining Unicode char U+00E8 (decimal 232)
   defining Unicode char U+00E9 (decimal 233)
   defining Unicode char U+00EA (decimal 234)
   defining Unicode char U+00EB (decimal 235)
   defining Unicode char U+00EC (decimal 236)
   defining Unicode char U+00ED (decimal 237)
   defining Unicode char U+00EE (decimal 238)
   defining Unicode char U+00EF (decimal 239)
   defining Unicode char U+00F0 (decimal 240)
   defining Unicode char U+00F1 (decimal 241)
   defining Unicode char U+00F2 (decimal 242)
   defining Unicode char U+00F3 (decimal 243)
   defining Unicode char U+00F4 (decimal 244)
   defining Unicode char U+00F5 (decimal 245)
   defining Unicode char U+00F6 (decimal 246)
   defining Unicode char U+00F8 (decimal 248)
   defining Unicode char U+00F9 (decimal 249)
   defining Unicode char U+00FA (decimal 250)
   defining Unicode char U+00FB (decimal 251)
   defining Unicode char U+00FC (decimal 252)
   defining Unicode char U+00FD (decimal 253)
   defining Unicode char U+00FE (decimal 254)
   defining Unicode char U+00FF (decimal 255)
   defining Unicode char U+0100 (decimal 256)
   defining Unicode char U+0101 (decimal 257)
   defining Unicode char U+0102 (decimal 258)
   defining Unicode char U+0103 (decimal 259)
   defining Unicode char U+0104 (decimal 260)
   defining Unicode char U+0105 (decimal 261)
   defining Unicode char U+0106 (decimal 262)
   defining Unicode char U+0107 (decimal 263)
   defining Unicode char U+0108 (decimal 264)
   defining Unicode char U+0109 (decimal 265)
   defining Unicode char U+010A (decimal 266)
   defining Unicode char U+010B (decimal 267)
   defining Unicode char U+010C (decimal 268)
   defining Unicode char U+010D (decimal 269)
   defining Unicode char U+010E (decimal 270)
   defining Unicode char U+010F (decimal 271)
   defining Unicode char U+0110 (decimal 272)
   defining Unicode char U+0111 (decimal 273)
   defining Unicode char U+0112 (decimal 274)
   defining Unicode char U+0113 (decimal 275)
   defining Unicode char U+0114 (decimal 276)
   defining Unicode char U+0115 (decimal 277)
   defining Unicode char U+0116 (decimal 278)
   defining Unicode char U+0117 (decimal 279)
   defining Unicode char U+0118 (decimal 280)
   defining Unicode char U+0119 (decimal 281)
   defining Unicode char U+011A (decimal 282)
   defining Unicode char U+011B (decimal 283)
   defining Unicode char U+011C (decimal 284)
   defining Unicode char U+011D (decimal 285)
   defining Unicode char U+011E (decimal 286)
   defining Unicode char U+011F (decimal 287)
   defining Unicode char U+0120 (decimal 288)
   defining Unicode char U+0121 (decimal 289)
   defining Unicode char U+0122 (decimal 290)
   defining Unicode char U+0123 (decimal 291)
   defining Unicode char U+0124 (decimal 292)
   defining Unicode char U+0125 (decimal 293)
   defining Unicode char U+0128 (decimal 296)
   defining Unicode char U+0129 (decimal 297)
   defining Unicode char U+012A (decimal 298)
   defining Unicode char U+012B (decimal 299)
   defining Unicode char U+012C (decimal 300)
   defining Unicode char U+012D (decimal 301)
   defining Unicode char U+012E (decimal 302)
   defining Unicode char U+012F (decimal 303)
   defining Unicode char U+0130 (decimal 304)
   defining Unicode char U+0131 (decimal 305)
   defining Unicode char U+0132 (decimal 306)
   defining Unicode char U+0133 (decimal 307)
   defining Unicode char U+0134 (decimal 308)
   defining Unicode char U+0135 (decimal 309)
   defining Unicode char U+0136 (decimal 310)
   defining Unicode char U+0137 (decimal 311)
   defining Unicode char U+0139 (decimal 313)
   defining Unicode char U+013A (decimal 314)
   defining Unicode char U+013B (decimal 315)
   defining Unicode char U+013C (decimal 316)
   defining Unicode char U+013D (decimal 317)
   defining Unicode char U+013E (decimal 318)
   defining Unicode char U+0141 (decimal 321)
   defining Unicode char U+0142 (decimal 322)
   defining Unicode char U+0143 (decimal 323)
   defining Unicode char U+0144 (decimal 324)
   defining Unicode char U+0145 (decimal 325)
   defining Unicode char U+0146 (decimal 326)
   defining Unicode char U+0147 (decimal 327)
   defining Unicode char U+0148 (decimal 328)
   defining Unicode char U+014A (decimal 330)
   defining Unicode char U+014B (decimal 331)
   defining Unicode char U+014C (decimal 332)
   defining Unicode char U+014D (decimal 333)
   defining Unicode char U+014E (decimal 334)
   defining Unicode char U+014F (decimal 335)
   defining Unicode char U+0150 (decimal 336)
   defining Unicode char U+0151 (decimal 337)
   defining Unicode char U+0152 (decimal 338)
   defining Unicode char U+0153 (decimal 339)
   defining Unicode char U+0154 (decimal 340)
   defining Unicode char U+0155 (decimal 341)
   defining Unicode char U+0156 (decimal 342)
   defining Unicode char U+0157 (decimal 343)
   defining Unicode char U+0158 (decimal 344)
   defining Unicode char U+0159 (decimal 345)
   defining Unicode char U+015A (decimal 346)
   defining Unicode char U+015B (decimal 347)
   defining Unicode char U+015C (decimal 348)
   defining Unicode char U+015D (decimal 349)
   defining Unicode char U+015E (decimal 350)
   defining Unicode char U+015F (decimal 351)
   defining Unicode char U+0160 (decimal 352)
   defining Unicode char U+0161 (decimal 353)
   defining Unicode char U+0162 (decimal 354)
   defining Unicode char U+0163 (decimal 355)
   defining Unicode char U+0164 (decimal 356)
   defining Unicode char U+0165 (decimal 357)
   defining Unicode char U+0168 (decimal 360)
   defining Unicode char U+0169 (decimal 361)
   defining Unicode char U+016A (decimal 362)
   defining Unicode char U+016B (decimal 363)
   defining Unicode char U+016C (decimal 364)
   defining Unicode char U+016D (decimal 365)
   defining Unicode char U+016E (decimal 366)
   defining Unicode char U+016F (decimal 367)
   defining Unicode char U+0170 (decimal 368)
   defining Unicode char U+0171 (decimal 369)
   defining Unicode char U+0172 (decimal 370)
   defining Unicode char U+0173 (decimal 371)
   defining Unicode char U+0174 (decimal 372)
   defining Unicode char U+0175 (decimal 373)
   defining Unicode char U+0176 (decimal 374)
   defining Unicode char U+0177 (decimal 375)
   defining Unicode char U+0178 (decimal 376)
   defining Unicode char U+0179 (decimal 377)
   defining Unicode char U+017A (decimal 378)
   defining Unicode char U+017B (decimal 379)
   defining Unicode char U+017C (decimal 380)
   defining Unicode char U+017D (decimal 381)
   defining Unicode char U+017E (decimal 382)
   defining Unicode char U+01CD (decimal 461)
   defining Unicode char U+01CE (decimal 462)
   defining Unicode char U+01CF (decimal 463)
   defining Unicode char U+01D0 (decimal 464)
   defining Unicode char U+01D1 (decimal 465)
   defining Unicode char U+01D2 (decimal 466)
   defining Unicode char U+01D3 (decimal 467)
   defining Unicode char U+01D4 (decimal 468)
   defining Unicode char U+01E2 (decimal 482)
   defining Unicode char U+01E3 (decimal 483)
   defining Unicode char U+01E6 (decimal 486)
   defining Unicode char U+01E7 (decimal 487)
   defining Unicode char U+01E8 (decimal 488)
   defining Unicode char U+01E9 (decimal 489)
   defining Unicode char U+01EA (decimal 490)
   defining Unicode char U+01EB (decimal 491)
   defining Unicode char U+01F0 (decimal 496)
   defining Unicode char U+01F4 (decimal 500)
   defining Unicode char U+01F5 (decimal 501)
   defining Unicode char U+0218 (decimal 536)
   defining Unicode char U+0219 (decimal 537)
   defining Unicode char U+021A (decimal 538)
   defining Unicode char U+021B (decimal 539)
   defining Unicode char U+01E02 (decimal 7682)
   defining Unicode char U+01E03 (decimal 7683)
   defining Unicode char U+200C (decimal 8204)
   defining Unicode char U+2013 (decimal 8211)
   defining Unicode char U+2014 (decimal 8212)
   defining Unicode char U+2018 (decimal 8216)
   defining Unicode char U+2019 (decimal 8217)
   defining Unicode char U+201A (decimal 8218)
   defining Unicode char U+201C (decimal 8220)
   defining Unicode char U+201D (decimal 8221)
   defining Unicode char U+201E (decimal 8222)
   defining Unicode char U+2030 (decimal 8240)
   defining Unicode char U+2031 (decimal 8241)
   defining Unicode char U+2039 (decimal 8249)
   defining Unicode char U+203A (decimal 8250)
   defining Unicode char U+2423 (decimal 9251)
)
Now handling font encoding OT1 ...
... processing UTF-8 mapping file for font encoding OT1

(/usr/share/texlive/texmf-dist/tex/latex/base/ot1enc.dfu
File: ot1enc.dfu 2015/12/03 v1.1r UTF-8 support for inputenc
   defining Unicode char U+00A0 (decimal 160)
   defining Unicode char U+00A1 (decimal 161)
   defining Unicode char U+00A3 (decimal 163)
   defining Unicode char U+00AD (decimal 173)
   defining Unicode char U+00B8 (decimal 184)
   defining Unicode char U+00BF (decimal 191)
   defining Unicode char U+00C5 (decimal 197)
   defining Unicode char U+00C6 (decimal 198)
   defining Unicode char U+00D8 (decimal 216)
   defining Unicode char U+00DF (decimal 223)
   defining Unicode char U+00E6 (decimal 230)
   defining Unicode char U+00EC (decimal 236)
   defining Unicode char U+00ED (decimal 237)
   defining Unicode char U+00EE (decimal 238)
   defining Unicode char U+00EF (decimal 239)
   defining Unicode char U+00F8 (decimal 248)
   defining Unicode char U+0131 (decimal 305)
   defining Unicode char U+0141 (decimal 321)
   defining Unicode char U+0142 (decimal 322)
   defining Unicode char U+0152 (decimal 338)
   defining Unicode char U+0153 (decimal 339)
   defining Unicode char U+0174 (decimal 372)
   defining Unicode char U+0175 (decimal 373)
   defining Unicode char U+0176 (decimal 374)
   defining Unicode char U+0177 (decimal 375)
   defining Unicode char U+0218 (decimal 536)
   defining Unicode char U+0219 (decimal 537)
   defining Unicode char U+021A (decimal 538)
   defining Unicode char U+021B (decimal 539)
   defining Unicode char U+2013 (decimal 8211)
   defining Unicode char U+2014 (decimal 8212)
   defining Unicode char U+2018 (decimal 8216)
   defining Unicode char U+2019 (decimal 8217)
   defining Unicode char U+201C (decimal 8220)
   defining Unicode char U+201D (decimal 8221)
)
Now handling font encoding OMS ...
... processing UTF-8 mapping file for font encoding OMS

(/usr/share/texlive/texmf-dist/tex/latex/base/omsenc.dfu
File: omsenc.dfu 2015/12/03 v1.1r UTF-8 support for inputenc
   defining Unicode char U+00A7 (decimal 167)
   defining Unicode char U+00B6 (decimal 182)
   defining Unicode char U+00B7 (decimal 183)
   defining Unicode char U+2020 (decimal 8224)
   defining Unicode char U+2021 (decimal 8225)
   defining Unicode char U+2022 (decimal 8226)
)
Now handling font encoding OMX ...
... no UTF-8 mapping file for font encoding OMX
Now handling font encoding U ...
... no UTF-8 mapping file for font encoding U
   defining Unicode char U+00A9 (decimal 169)
   defining Unicode char U+00AA (decimal 170)
   defining Unicode char U+00AE (decimal 174)
   defining Unicode char U+00BA (decimal 186)
   defining Unicode char U+02C6 (decimal 710)
   defining Unicode char U+02DC (decimal 732)
   defining Unicode char U+200C (decimal 8204)
   defining Unicode char U+2026 (decimal 8230)
   defining Unicode char U+2122 (decimal 8482)
   defining Unicode char U+2423 (decimal 9251)
))
(/usr/share/texlive/texmf-dist/tex/latex/amsfonts/amssymb.sty
Package: amssymb 2013/01/14 v3.01 AMS font symbols

(/usr/share/texlive/texmf-dist/tex/latex/amsfonts/amsfonts.sty
Package: amsfonts 2013/01/14 v3.01 Basic AMSFonts support
\@emptytoks=\toks17
\symAMSa=\mathgroup4
\symAMSb=\mathgroup5
LaTeX Font Info:    Overwriting math alphabet `\mathfrak' in version `bold'
(Font)                  U/euf/m/n --> U/euf/b/n on input line 106.
))
(/usr/share/texlive/texmf-dist/tex/latex/amsmath/amsmath.sty
Package: amsmath 2016/03/03 v2.15a AMS math features
\@mathmargin=\skip43

For additional information on amsmath, use the `?' option.
(/usr/share/texlive/texmf-dist/tex/latex/amsmath/amstext.sty
Package: amstext 2000/06/29 v2.01 AMS text

(/usr/share/texlive/texmf-dist/tex/latex/amsmath/amsgen.sty
File: amsgen.sty 1999/11/30 v2.0 generic functions
\@emptytoks=\toks18
\ex@=\dimen105
))
(/usr/share/texlive/texmf-dist/tex/latex/amsmath/amsbsy.sty
Package: amsbsy 1999/11/29 v1.2d Bold Symbols
\pmbraise@=\dimen106
)
(/usr/share/texlive/texmf-dist/tex/latex/amsmath/amsopn.sty
Package: amsopn 1999/12/14 v2.01 operator names
)
\inf@bad=\count89
LaTeX Info: Redefining \frac on input line 199.
\uproot@=\count90
\leftroot@=\count91
LaTeX Info: Redefining \overline on input line 297.
\classnum@=\count92
\DOTSCASE@=\count93
LaTeX Info: Redefining \ldots on input line 394.
LaTeX Info: Redefining \dots on input line 397.
LaTeX Info: Redefining \cdots on input line 518.
\Mathstrutbox@=\box26
\strutbox@=\box27
\big@size=\dimen107
LaTeX Font Info:    Redeclaring font encoding OML on input line 630.
LaTeX Font Info:    Redeclaring font encoding OMS on input line 631.
\macc@depth=\count94
\c@MaxMatrixCols=\count95
\dotsspace@=\muskip10
\c@parentequation=\count96
\dspbrk@lvl=\count97
\tag@help=\toks19
\row@=\count98
\column@=\count99
\maxfields@=\count100
\andhelp@=\toks20
\eqnshift@=\dimen108
\alignsep@=\dimen109
\tagshift@=\dimen110
\tagwidth@=\dimen111
\totwidth@=\dimen112
\lineht@=\dimen113
\@envbody=\toks21
\multlinegap=\skip44
\multlinetaggap=\skip45
\mathdisplay@stack=\toks22
LaTeX Info: Redefining \[ on input line 2735.
LaTeX Info: Redefining \] on input line 2736.
)
(/usr/share/texlive/texmf-dist/tex/latex/geometry/geometry.sty
Package: geometry 2010/09/12 v5.6 Page Geometry

(/usr/share/texlive/texmf-dist/tex/generic/oberdiek/ifpdf.sty
Package: ifpdf 2011/01/30 v2.3 Provides the ifpdf switch (HO)
Package ifpdf Info: pdfTeX in PDF mode is detected.
)
(/usr/share/texlive/texmf-dist/tex/generic/oberdiek/ifvtex.sty
Package: ifvtex 2010/03/01 v1.5 Detect VTeX and its facilities (HO)
Package ifvtex Info: VTeX not detected.
)
(/usr/share/texlive/texmf-dist/tex/generic/ifxetex/ifxetex.sty
Package: ifxetex 2010/09/12 v0.6 Provides ifxetex conditional
)
\Gm@cnth=\count101
\Gm@cntv=\count102
\c@Gm@tempcnt=\count103
\Gm@bindingoffset=\dimen114
\Gm@wd@mp=\dimen115
\Gm@odd@mp=\dimen116
\Gm@even@mp=\dimen117
\Gm@layoutwidth=\dimen118
\Gm@layoutheight=\dimen119
\Gm@layouthoffset=\dimen120
\Gm@layoutvoffset=\dimen121
\Gm@dimlist=\toks23
)
(/usr/share/texlive/texmf-dist/tex/latex/hyperref/hyperref.sty
Package: hyperref 2012/11/06 v6.83m Hypertext links for LaTeX

(/usr/share/texlive/texmf-dist/tex/generic/oberdiek/hobsub-hyperref.sty
Package: hobsub-hyperref 2012/05/28 v1.13 Bundle oberdiek, subset hyperref (HO)


(/usr/share/texlive/texmf-dist/tex/generic/oberdiek/hobsub-generic.sty
Package: hobsub-generic 2012/05/28 v1.13 Bundle oberdiek, subset generic (HO)
Package: hobsub 2012/05/28 v1.13 Construct package bundles (HO)
Package hobsub Info: Skipping package `infwarerr' (already loaded).
Package hobsub Info: Skipping package `ltxcmds' (already loaded).
Package: ifluatex 2010/03/01 v1.3 Provides the ifluatex switch (HO)
Package ifluatex Info: LuaTeX not detected.
Package hobsub Info: Skipping package `ifvtex' (already loaded).
Package: intcalc 2007/09/27 v1.1 Expandable calculations with integers (HO)
Package hobsub Info: Skipping package `ifpdf' (already loaded).
Package: etexcmds 2011/02/16 v1.5 Avoid name clashes with e-TeX commands (HO)
Package etexcmds Info: Could not find \expanded.
(etexcmds)             That can mean that you are not using pdfTeX 1.50 or
(etexcmds)             that some package has redefined \expanded.
(etexcmds)             In the latter case, load this package earlier.
Package: kvsetkeys 2012/04/25 v1.16 Key value parser (HO)
Package: kvdefinekeys 2011/04/07 v1.3 Define keys (HO)
Package: pdftexcmds 2011/11/29 v0.20 Utility functions of pdfTeX for LuaTeX (HO
)
Package pdftexcmds Info: LuaTeX not detected.
Package pdftexcmds Info: \pdf@primitive is available.
Package pdftexcmds Info: \pdf@ifprimitive is available.
Package pdftexcmds Info: \pdfdraftmode found.
Package: pdfescape 2011/11/25 v1.13 Implements pdfTeX's escape features (HO)
Package: bigintcalc 2012/04/08 v1.3 Expandable calculations on big integers (HO
)
Package: bitset 2011/01/30 v1.1 Handle bit-vector datatype (HO)
Package: uniquecounter 2011/01/30 v1.2 Provide unlimited unique counter (HO)
)
Package hobsub Info: Skipping package `hobsub' (already loaded).
Package: letltxmacro 2010/09/02 v1.4 Let assignment for LaTeX macros (HO)
Package: hopatch 2012/05/28 v1.2 Wrapper for package hooks (HO)
Package: xcolor-patch 2011/01/30 xcolor patch
Package: atveryend 2011/06/30 v1.8 Hooks at the very end of document (HO)
Package atveryend Info: \enddocument detected (standard20110627).
Package: atbegshi 2011/10/05 v1.16 At begin shipout hook (HO)
Package: refcount 2011/10/16 v3.4 Data extraction from label references (HO)
Package: hycolor 2011/01/30 v1.7 Color options for hyperref/bookmark (HO)
)
(/usr/share/texlive/texmf-dist/tex/latex/oberdiek/auxhook.sty
Package: auxhook 2011/03/04 v1.3 Hooks for auxiliary files (HO)
)
(/usr/share/texlive/texmf-dist/tex/latex/oberdiek/kvoptions.sty
Package: kvoptions 2011/06/30 v3.11 Key value format for package options (HO)
)
\@linkdim=\dimen122
\Hy@linkcounter=\count104
\Hy@pagecounter=\count105

(/usr/share/texlive/texmf-dist/tex/latex/hyperref/pd1enc.def
File: pd1enc.def 2012/11/06 v6.83m Hyperref: PDFDocEncoding definition (HO)
Now handling font encoding PD1 ...
... no UTF-8 mapping file for font encoding PD1
)
\Hy@SavedSpaceFactor=\count106

(/usr/share/texlive/texmf-dist/tex/latex/latexconfig/hyperref.cfg
File: hyperref.cfg 2002/06/06 v1.2 hyperref configuration of TeXLive
)
Package hyperref Info: Option `colorlinks' set `true' on input line 4319.
Package hyperref Info: Hyper figures OFF on input line 4443.
Package hyperref Info: Link nesting OFF on input line 4448.
Package hyperref Info: Hyper index ON on input line 4451.
Package hyperref Info: Plain pages OFF on input line 4458.
Package hyperref Info: Backreferencing OFF on input line 4463.
Package hyperref Info: Implicit mode ON; LaTeX internals redefined.
Package hyperref Info: Bookmarks ON on input line 4688.
\c@Hy@tempcnt=\count107

(/usr/share/texlive/texmf-dist/tex/latex/url/url.sty
\Urlmuskip=\muskip11
Package: url 2013/09/16  ver 3.4  Verb mode for urls, etc.
)
LaTeX Info: Redefining \url on input line 5041.
\XeTeXLinkMargin=\dimen123
\Fld@menulength=\count108
\Field@Width=\dimen124
\Fld@charsize=\dimen125
Package hyperref Info: Hyper figures OFF on input line 6295.
Package hyperref Info: Link nesting OFF on input line 6300.
Package hyperref Info: Hyper index ON on input line 6303.
Package hyperref Info: backreferencing OFF on input line 6310.
Package hyperref Info: Link coloring ON on input line 6313.
Package hyperref Info: Link coloring with OCG OFF on input line 6320.
Package hyperref Info: PDF/A mode OFF on input line 6325.
LaTeX Info: Redefining \ref on input line 6365.
LaTeX Info: Redefining \pageref on input line 6369.
\Hy@abspage=\count109
\c@Item=\count110
\c@Hfootnote=\count111
)

Package hyperref Message: Driver (autodetected): hpdftex.

(/usr/share/texlive/texmf-dist/tex/latex/hyperref/hpdftex.def
File: hpdftex.def 2012/11/06 v6.83m Hyperref driver for pdfTeX
\Fld@listcount=\count112
\c@bookmark@seq@number=\count113

(/usr/share/texlive/texmf-dist/tex/latex/oberdiek/rerunfilecheck.sty
Package: rerunfilecheck 2011/04/15 v1.7 Rerun checks for auxiliary files (HO)
Package uniquecounter Info: New unique counter `rerunfilecheck' on input line 2
82.
)
\Hy@SectionHShift=\skip46
)
(/usr/share/texlive/texmf-dist/tex/latex/oberdiek/bookmark.sty
Package: bookmark 2011/12/02 v1.24 PDF bookmarks (HO)

(/usr/share/texlive/texmf-dist/tex/latex/oberdiek/bkm-pdftex.def
File: bkm-pdftex.def 2011/12/02 v1.24 bookmark driver for pdfTeX (HO)
\BKM@id=\count114
))
(/usr/share/texlive/texmf-dist/tex/latex/wrapfig/wrapfig.sty
\wrapoverhang=\dimen126
\WF@size=\dimen127
\c@WF@wrappedlines=\count115
\WF@box=\box28
\WF@everypar=\toks24
Package: wrapfig 2003/01/31  v 3.6
)
(/usr/share/texlive/texmf-dist/tex/latex/easylist/easylist.sty
Package: easylist 2014/01/11 v.1.4 Numbered items with a single command.
\el@CounterTotal=\count116
\el@Scratch=\count117
\el@ControlCounter=\count118
\el@CounterLevel=\count119
\c@List1=\count120
\c@List2=\count121
\c@List3=\count122
\c@List4=\count123
\c@List5=\count124
\c@List6=\count125
\c@List7=\count126
\c@List8=\count127
\c@List9=\count128
\c@List10=\count129
\el@ProgressiveDimension=\dimen128
\el@CounterBox=\box29
\el@ControlBox=\box30
\el@TotalMargin=\dimen129
\el@LeftMove=\dimen130
)
Package hyperref Info: Option `colorlinks' set `true' on input line 26.
Package hyperref Info: Option `linktocpage' set `true' on input line 26.
Package hyperref Info: Option `pageanchor' set `true' on input line 26.
 (./ED.aux)
\openout1 = `ED.aux'.

LaTeX Font Info:    Checking defaults for OML/cmm/m/it on input line 29.
LaTeX Font Info:    ... okay on input line 29.
LaTeX Font Info:    Checking defaults for T1/cmr/m/n on input line 29.
LaTeX Font Info:    ... okay on input line 29.
LaTeX Font Info:    Checking defaults for OT1/cmr/m/n on input line 29.
LaTeX Font Info:    ... okay on input line 29.
LaTeX Font Info:    Checking defaults for OMS/cmsy/m/n on input line 29.
LaTeX Font Info:    ... okay on input line 29.
LaTeX Font Info:    Checking defaults for OMX/cmex/m/n on input line 29.
LaTeX Font Info:    ... okay on input line 29.
LaTeX Font Info:    Checking defaults for U/cmr/m/n on input line 29.
LaTeX Font Info:    ... okay on input line 29.
LaTeX Font Info:    Checking defaults for PD1/pdf/m/n on input line 29.
LaTeX Font Info:    ... okay on input line 29.

(/usr/share/texlive/texmf-dist/tex/context/base/supp-pdf.mkii
[Loading MPS to PDF converter (version 2006.09.02).]
\scratchcounter=\count130
\scratchdimen=\dimen131
\scratchbox=\box31
\nofMPsegments=\count131
\nofMParguments=\count132
\everyMPshowfont=\toks25
\MPscratchCnt=\count133
\MPscratchDim=\dimen132
\MPnumerator=\count134
\makeMPintoPDFobject=\count135
\everyMPtoPDFconversion=\toks26
) (/usr/share/texlive/texmf-dist/tex/latex/oberdiek/epstopdf-base.sty
Package: epstopdf-base 2010/02/09 v2.5 Base part for package epstopdf

(/usr/share/texlive/texmf-dist/tex/latex/oberdiek/grfext.sty
Package: grfext 2010/08/19 v1.1 Manage graphics extensions (HO)
)
Package grfext Info: Graphics extension search list:
(grfext)             [.png,.pdf,.jpg,.mps,.jpeg,.jbig2,.jb2,.PNG,.PDF,.JPG,.JPE
G,.JBIG2,.JB2,.eps]
(grfext)             \AppendGraphicsExtensions on input line 452.

(/usr/share/texlive/texmf-dist/tex/latex/latexconfig/epstopdf-sys.cfg
File: epstopdf-sys.cfg 2010/07/13 v1.3 Configuration of (r)epstopdf for TeX Liv
e
))
*geometry* driver: auto-detecting
*geometry* detected driver: pdftex
*geometry* verbose mode - [ preamble ] result:
* driver: pdftex
* paper: a4paper
* layout: <same size as paper>
* layoutoffset:(h,v)=(0.0pt,0.0pt)
* modes: 
* h-part:(L,W,R)=(89.62709pt, 418.25368pt, 89.6271pt)
* v-part:(T,H,B)=(101.40665pt, 591.5302pt, 152.11pt)
* \paperwidth=597.50787pt
* \paperheight=845.04684pt
* \textwidth=418.25368pt
* \textheight=591.5302pt
* \oddsidemargin=17.3571pt
* \evensidemargin=17.3571pt
* \topmargin=-7.86334pt
* \headheight=12.0pt
* \headsep=25.0pt
* \topskip=10.0pt
* \footskip=30.0pt
* \marginparwidth=57.0pt
* \marginparsep=11.0pt
* \columnsep=10.0pt
* \skip\footins=9.0pt plus 4.0pt minus 2.0pt
* \hoffset=0.0pt
* \voffset=0.0pt
* \mag=1000
* \@twocolumnfalse
* \@twosidefalse
* \@mparswitchfalse
* \@reversemarginfalse
* (1in=72.27pt=25.4mm, 1cm=28.453pt)

\AtBeginShipoutBox=\box32
(/usr/share/texlive/texmf-dist/tex/latex/graphics/color.sty
Package: color 2016/01/03 v1.1b Standard LaTeX Color (DPC)

(/usr/share/texlive/texmf-dist/tex/latex/latexconfig/color.cfg
File: color.cfg 2007/01/18 v1.5 color configuration of teTeX/TeXLive
)
Package color Info: Driver file: pdftex.def on input line 143.
)
Package hyperref Info: Link coloring ON on input line 29.

(/usr/share/texlive/texmf-dist/tex/latex/hyperref/nameref.sty
Package: nameref 2012/10/27 v2.43 Cross-referencing by name of section

(/usr/share/texlive/texmf-dist/tex/generic/oberdiek/gettitlestring.sty
Package: gettitlestring 2010/12/03 v1.4 Cleanup title references (HO)
)
\c@section@level=\count136
)
LaTeX Info: Redefining \ref on input line 29.
LaTeX Info: Redefining \pageref on input line 29.
LaTeX Info: Redefining \nameref on input line 29.

(./Chapter0.tex

LaTeX Font Warning: Font shape `OT1/cmr/bx/sc' undefined
(Font)              using `OT1/cmr/bx/n' instead on input line 5.

[1

{/var/lib/texmf/fonts/map/pdftex/updmap/pdftex.map}] [2] (./ED.toc
LaTeX Font Info:    Try loading font information for U+msa on input line 2.

(/usr/share/texlive/texmf-dist/tex/latex/amsfonts/umsa.fd
File: umsa.fd 2013/01/14 v3.01 AMS symbols A
)
LaTeX Font Info:    Try loading font information for U+msb on input line 2.

(/usr/share/texlive/texmf-dist/tex/latex/amsfonts/umsb.fd
File: umsb.fd 2013/01/14 v3.01 AMS symbols B
) [3

] [4])
\tf@toc=\write3
\openout3 = `ED.toc'.

)
(./info.tex [5]) (./Chapter1.tex [6]
Chapter 1.

Underfull \hbox (badness 10000) in paragraph at lines 5--17

 []


Underfull \hbox (badness 10000) in paragraph at lines 24--28

 []


Underfull \hbox (badness 10000) in paragraph at lines 24--28

 []

[7

] [8]
Underfull \hbox (badness 10000) in paragraph at lines 95--97

 []

[9]
Underfull \hbox (badness 10000) in paragraph at lines 130--132

 []

<complete_ion.png, id=334, 1122.1925pt x 334.24875pt>
File: complete_ion.png Graphic file (type png)
 <use complete_ion.png>
Package pdftex.def Info: complete_ion.png used on input line 134.
(pdftex.def)             Requested size: 418.25368pt x 124.57793pt.

<E_f(T).png, id=335, 1118.1775pt x 600.2425pt>
File: E_f(T).png Graphic file (type png)
 <use E_f(T).png>
Package pdftex.def Info: E_f(T).png used on input line 143.
(pdftex.def)             Requested size: 146.39133pt x 78.57463pt.

<mbfd.png, id=336, 672.5125pt x 561.09625pt>
File: mbfd.png Graphic file (type png)
 <use mbfd.png>
Package pdftex.def Info: mbfd.png used on input line 156.
(pdftex.def)             Requested size: 146.39133pt x 122.14018pt.
 [10 <./complete_ion.png> <./E_f(T).png>] <shrho.png, id=344, 1078.0275pt x 503
.8825pt>
File: shrho.png Graphic file (type png)

<use shrho.png>
Package pdftex.def Info: shrho.png used on input line 186.
(pdftex.def)             Requested size: 167.2989pt x 78.19324pt.
 [11 <./mbfd.png> <./shrho.png>]
<bandsgeo.png, id=354, 900.36375pt x 593.21625pt>
File: bandsgeo.png Graphic file (type png)
 <use bandsgeo.png>
Package pdftex.def Info: bandsgeo.png used on input line 206.
(pdftex.def)             Requested size: 209.12683pt x 137.78557pt.
 [12 <./bandsgeo.png>] <dbeL.png, id=366, 488.82625pt x 424.58624pt>
File: dbeL.png Graphic file (type png)
 <use dbeL.png>
Package pdftex.def Info: dbeL.png used on input line 258.
(pdftex.def)             Requested size: 209.12683pt x 181.64854pt.

<perturbation.png, id=367, 969.6225pt x 368.37625pt>
File: perturbation.png Graphic file (type png)
 <use perturbation.png>
Package pdftex.def Info: perturbation.png used on input line 266.
(pdftex.def)             Requested size: 167.2989pt x 63.5562pt.

[13 <./dbeL.png>] <continuityeq.png, id=378, 745.78625pt x 392.46625pt>
File: continuityeq.png Graphic file (type png)

<use continuityeq.png>
Package pdftex.def Info: continuityeq.png used on input line 303.
(pdftex.def)             Requested size: 167.2989pt x 88.03758pt.
 [14 <./perturbation.png> <./continuityeq.png>]
<srhp1.png, id=391, 1019.81pt x 328.22626pt>
File: srhp1.png Graphic file (type png)
 <use srhp1.png>
Package pdftex.def Info: srhp1.png used on input line 347.
(pdftex.def)             Requested size: 167.2989pt x 53.84447pt.
 [15 <./srhp1.png>] <srhp2.png, id=402, 821.0675pt x 531.9875pt>
File: srhp2.png Graphic file (type png)
 <use srhp2.png>
Package pdftex.def Info: srhp2.png used on input line 354.
(pdftex.def)             Requested size: 167.2989pt x 108.3925pt.

<RG.png, id=403, 1101.11375pt x 390.45876pt>
File: RG.png Graphic file (type png)
 <use RG.png>
Package pdftex.def Info: RG.png used on input line 384.
(pdftex.def)             Requested size: 167.2989pt x 59.32294pt.
 [16 <./srhp2.png> <./RG.png>] <Grate.png, id=412, 717.68124pt x 436.63126pt>
File: Grate.png Graphic file (type png)
 <use Grate.png>
Package pdftex.def Info: Grate.png used on input line 402.
(pdftex.def)             Requested size: 146.39133pt x 89.0636pt.
)
(./Chapter2.tex [17 <./Grate.png>]
Chapter 2.
<pn1.png, id=421, 774.895pt x 357.335pt>
File: pn1.png Graphic file (type png)
 <use pn1.png>
Package pdftex.def Info: pn1.png used on input line 10.
(pdftex.def)             Requested size: 167.2989pt x 77.14722pt.


Package wrapfig Warning: Collision between wrapping environments on input line 
20.

<pn2.png, id=422, 493.845pt x 464.73625pt>
File: pn2.png Graphic file (type png)
 <use pn2.png>
Package pdftex.def Info: pn2.png used on input line 21.
(pdftex.def)             Requested size: 104.56342pt x 98.3988pt.


Package wrapfig Warning: Stationary wrapfigure forced to float on input line 24
.

<pn3.png, id=423, 511.9125pt x 399.4925pt>
File: pn3.png Graphic file (type png)
 <use pn3.png>
Package pdftex.def Info: pn3.png used on input line 39.
(pdftex.def)             Requested size: 146.39133pt x 114.24057pt.
 [18

 <./pn1.png> <./pn2.png>] <pn4.png, id=430, 581.17125pt x 260.975pt>
File: pn4.png Graphic file (type png)
 <use pn4.png>
Package pdftex.def Info: pn4.png used on input line 53.
(pdftex.def)             Requested size: 146.39133pt x 65.73737pt.

<pn5.png, id=431, 591.20876pt x 417.56pt>
File: pn5.png Graphic file (type png)
 <use pn5.png>
Package pdftex.def Info: pn5.png used on input line 61.
(pdftex.def)             Requested size: 125.47737pt x 88.6204pt.

Overfull \hbox (78.5055pt too wide) detected at line 68
[]\OML/cmm/m/it/10 ^^^\OT1/cmr/m/n/10 (\OMS/cmsy/m/n/10 ^^@\OML/cmm/m/it/10 x[]
 < x < \OT1/cmr/m/n/10 0) = \OML/cmm/m/it/10 ^^^\OT1/cmr/m/n/10 (\OMS/cmsy/m/n/
10 ^^@\OML/cmm/m/it/10 x[]\OT1/cmr/m/n/10 ) + [](\OML/cmm/m/it/10 x \OT1/cmr/m/
n/10 + \OML/cmm/m/it/10 x[]\OT1/cmr/m/n/10 )[]        \OML/cmm/m/it/10 ^^^\OT1/
cmr/m/n/10 (0 \OML/cmm/m/it/10 < x < x[]\OT1/cmr/m/n/10 ) = \OML/cmm/m/it/10 ^^
^\OT1/cmr/m/n/10 (\OML/cmm/m/it/10 x[]\OT1/cmr/m/n/10 ) \OMS/cmsy/m/n/10 ^^@ []
\OT1/cmr/m/n/10 (\OML/cmm/m/it/10 x[] \OMS/cmsy/m/n/10 ^^@ \OML/cmm/m/it/10 x\O
T1/cmr/m/n/10 )[]
 []


Overfull \hbox (36.8384pt too wide) detected at line 76
[]\OML/cmm/m/it/10 x[] \OT1/cmr/m/n/10 = [] \OMS/cmsy/m/n/10 ^^B []       \OML/
cmm/m/it/10 x[] \OT1/cmr/m/n/10 = [] \OMS/cmsy/m/n/10 ^^B []       \OML/cmm/m/i
t/10 W \OT1/cmr/m/n/10 = []
 []


LaTeX Warning: No positions in optional float specifier.
               Default added (so using `tbp') on input line 80.

<pn6.png, id=432, 953.5625pt x 368.37625pt>
File: pn6.png Graphic file (type png)
 <use pn6.png>
Package pdftex.def Info: pn6.png used on input line 98.
(pdftex.def)             Requested size: 250.95476pt x 96.94472pt.
 [19 <./pn3.png> <./pn4.png> <./pn5.png>] <pn7.png, id=443, 688.5725pt x 463.73
25pt>
File: pn7.png Graphic file (type png)
 <use pn7.png>
Package pdftex.def Info: pn7.png used on input line 122.
(pdftex.def)             Requested size: 146.39133pt x 98.5896pt.

<pn8.png, id=444, 680.5425pt x 481.8pt>
File: pn8.png Graphic file (type png)
 <use pn8.png>
Package pdftex.def Info: pn8.png used on input line 129.
(pdftex.def)             Requested size: 146.39133pt x 103.63643pt.
 [20 <./pn6.png> <./pn7.png> <./pn8.png>] <pn9.png, id=450, 1027.84pt x 519.942
5pt>
File: pn9.png Graphic file (type png)
 <use pn9.png>
Package pdftex.def Info: pn9.png used on input line 144.
(pdftex.def)             Requested size: 250.95476pt x 126.9467pt.

[21 <./pn9.png>] <pn10.png, id=460, 655.44875pt x 439.6425pt>
File: pn10.png Graphic file (type png)
 <use pn10.png>
Package pdftex.def Info: pn10.png used on input line 172.
(pdftex.def)             Requested size: 188.21288pt x 126.24529pt.

<pn11.png, id=462, 1222.5675pt x 487.8225pt>
File: pn11.png Graphic file (type png)
 <use pn11.png>
Package pdftex.def Info: pn11.png used on input line 189.
(pdftex.def)             Requested size: 146.39133pt x 58.40962pt.

<pn12.png, id=463, 1123.19624pt x 413.545pt>
File: pn12.png Graphic file (type png)
 <use pn12.png>
Package pdftex.def Info: pn12.png used on input line 207.
(pdftex.def)             Requested size: 271.86234pt x 100.09207pt.
 [22 <./pn10.png> <./pn11.png>] <wbnb.png, id=474, 1016.79875pt x 515.9275pt>
File: wbnb.png Graphic file (type png)
 <use wbnb.png>
Package pdftex.def Info: wbnb.png used on input line 223.
(pdftex.def)             Requested size: 146.39133pt x 74.27618pt.

<nxfvb.png, id=475, 918.43124pt x 419.5675pt>
File: nxfvb.png Graphic file (type png)
 <use nxfvb.png>
Package pdftex.def Info: nxfvb.png used on input line 252.
(pdftex.def)             Requested size: 209.12683pt x 95.53177pt.
 [23 <./pn12.png> <./wbnb.png>] <wbfbJ.png, id=483, 896.34875pt x 424.58624pt>
File: wbfbJ.png Graphic file (type png)
 <use wbfbJ.png>
Package pdftex.def Info: wbfbJ.png used on input line 258.
(pdftex.def)             Requested size: 209.12683pt x 99.05864pt.

<rbwb.png, id=484, 997.7275pt x 422.57875pt>
File: rbwb.png Graphic file (type png)
 <use rbwb.png>
Package pdftex.def Info: rbwb.png used on input line 265.
(pdftex.def)             Requested size: 209.12683pt x 88.57005pt.

<wbrb.png, id=485, 914.41624pt x 422.57875pt>
File: wbrb.png Graphic file (type png)
 <use wbrb.png>
Package pdftex.def Info: wbrb.png used on input line 271.
(pdftex.def)             Requested size: 209.12683pt x 96.64297pt.
 [24 <./nxfvb.png> <./wbfbJ.png> <./rbwb.png> <./wbrb.png>]
<nbfb.png, id=490, 733.74126pt x 465.74pt>
File: nbfb.png Graphic file (type png)
 <use nbfb.png>
Package pdftex.def Info: nbfb.png used on input line 283.
(pdftex.def)             Requested size: 209.12683pt x 132.73727pt.

<nbJf.png, id=491, 670.505pt x 427.5975pt>
File: nbJf.png Graphic file (type png)
 <use nbJf.png>
Package pdftex.def Info: nbJf.png used on input line 290.
(pdftex.def)             Requested size: 167.2989pt x 106.69032pt.

<nwall.png, id=492, 1329.96875pt x 425.59pt>
File: nwall.png Graphic file (type png)
 <use nwall.png>
Package pdftex.def Info: nwall.png used on input line 297.
(pdftex.def)             Requested size: 355.51817pt x 113.76788pt.
 [25 <./nbfb.png> <./nbJf.png> <./nwall.png>] <JwithT.png, id=498, 963.6pt x 57
3.14125pt>
File: JwithT.png Graphic file (type png)

<use JwithT.png>
Package pdftex.def Info: JwithT.png used on input line 325.
(pdftex.def)             Requested size: 209.12683pt x 124.38611pt.

Overfull \hbox (38.10132pt too wide) detected at line 332
[][] \OT1/cmr/m/n/10 = [] [](\OML/cmm/m/it/10 J=J[]\OT1/cmr/m/n/10 ) + []\OML/c
mm/m/it/10 J[]=J[] \OT1/cmr/m/n/10 = \OML/cmm/m/it/10 V=T \OMS/cmsy/m/n/10 ^^@ 
[][][]
 []

<Rdl.png, id=499, 608.2725pt x 401.5pt>
File: Rdl.png Graphic file (type png)
 <use Rdl.png>
Package pdftex.def Info: Rdl.png used on input line 350.
(pdftex.def)             Requested size: 146.39133pt x 96.6254pt.
 [26 <./JwithT.png> <./Rdl.png>] <lowcurrent.png, id=507, 780.9175pt x 532.9912
6pt>
File: lowcurrent.png Graphic file (type png)
 <use lowcurrent.png>
Package pdftex.def Info: lowcurrent.png used on input line 375.
(pdftex.def)             Requested size: 209.12683pt x 142.7303pt.

<inverselow.png, id=508, 628.3475pt x 525.965pt>
File: inverselow.png Graphic file (type png)
 <use inverselow.png>
Package pdftex.def Info: inverselow.png used on input line 389.
(pdftex.def)             Requested size: 146.39133pt x 122.53438pt.
 [27 <./lowcurrent.png> <./inverselow.png>] <gummel.png, id=517, 829.0975pt x 5
86.19pt>
File: gummel.png Graphic file (type png)

<use gummel.png>
Package pdftex.def Info: gummel.png used on input line 408.
(pdftex.def)             Requested size: 209.12683pt x 147.85304pt.
 [28 <./gummel.png>]
<smallpn.png, id=525, 430.60875pt x 221.82875pt>
File: smallpn.png Graphic file (type png)
 <use smallpn.png>
Package pdftex.def Info: smallpn.png used on input line 470.
(pdftex.def)             Requested size: 146.39133pt x 75.41399pt.
)
(./Chapter3.tex [29 <./smallpn.png>]
Chapter 3.
<ms1.png, id=537, 898.35625pt x 530.98375pt>
File: ms1.png Graphic file (type png)
 <use ms1.png>
Package pdftex.def Info: ms1.png used on input line 13.
(pdftex.def)             Requested size: 209.12683pt x 123.60638pt.

<ms2.png, id=538, 846.16125pt x 494.84875pt>
File: ms2.png Graphic file (type png)
 <use ms2.png>
Package pdftex.def Info: ms2.png used on input line 20.
(pdftex.def)             Requested size: 209.12683pt x 122.29988pt.
 [30

 <./ms1.png>]
<ms3.png, id=543, 682.55pt x 296.10625pt>
File: ms3.png Graphic file (type png)
 <use ms3.png>
Package pdftex.def Info: ms3.png used on input line 30.
(pdftex.def)             Requested size: 209.12683pt x 90.72116pt.

<msbias.png, id=544, 1191.45125pt x 407.5225pt>
File: msbias.png Graphic file (type png)
 <use msbias.png>
Package pdftex.def Info: msbias.png used on input line 38.
(pdftex.def)             Requested size: 230.04079pt x 78.67995pt.
 [31 <./ms2.png> <./ms3.png> <./msbias.png>] <shk.png, id=551, 901.3675pt x 534
.99875pt>
File: shk.png Graphic file (type png)

<use shk.png>
Package pdftex.def Info: shk.png used on input line 52.
(pdftex.def)             Requested size: 188.21288pt x 111.70813pt.
 <msne.png, id=552, 501.875pt x 350.30875pt>
File: msne.png Graphic file (type png)
 <use msne.png>
Package pdftex.def Info: msne.png used on input line 66.
(pdftex.def)             Requested size: 104.56342pt x 72.98436pt.

<bethe.png, id=553, 732.7375pt x 473.77pt>
File: bethe.png Graphic file (type png)
 <use bethe.png>
Package pdftex.def Info: bethe.png used on input line 74.
(pdftex.def)             Requested size: 104.56342pt x 67.6069pt.
 [32 <./shk.png> <./msne.png> <./bethe.png>] <ellips.png, id=560, 570.13pt x 44
7.6725pt>
File: ellips.png Graphic file (type png)

<use ellips.png>
Package pdftex.def Info: ellips.png used on input line 105.
(pdftex.def)             Requested size: 83.64944pt x 65.67932pt.
 <generalmsmodel.png, id=561, 519.9425pt x 442.65375pt>
File: generalmsmodel.png Graphic file (type png)

<use generalmsmodel.png>
Package pdftex.def Info: generalmsmodel.png used on input line 127.
(pdftex.def)             Requested size: 83.64944pt x 71.21103pt.
 [33 <./ellips.png>]
<scheff.png, id=574, 660.4675pt x 425.59pt>
File: scheff.png Graphic file (type png)
 <use scheff.png>
Package pdftex.def Info: scheff.png used on input line 154.
(pdftex.def)             Requested size: 167.2989pt x 107.79993pt.
 [34 <./generalmsmodel.png> <./scheff.png>] <deltaphibn.png, id=586, 641.39626p
t x 444.66125pt>
File: deltaphibn.png Graphic file (type png)

<use deltaphibn.png>
Package pdftex.def Info: deltaphibn.png used on input line 179.
(pdftex.def)             Requested size: 146.39133pt x 101.48286pt.
 <tunnel.png, id=587, 374.39874pt x 265.99374pt>
File: tunnel.png Graphic file (type png)

<use tunnel.png>
Package pdftex.def Info: tunnel.png used on input line 202.
(pdftex.def)             Requested size: 62.73549pt x 44.56894pt.
 <1tunnel.png, id=588, 670.505pt x 393.47pt>
File: 1tunnel.png Graphic file (type png)
 <use 1tunnel.png>
Package pdftex.def Info: 1tunnel.png used on input line 208.
(pdftex.def)             Requested size: 146.39133pt x 85.90323pt.

[35 <./deltaphibn.png> <./tunnel.png>]
<contactrho.png, id=597, 553.06625pt x 399.4925pt>
File: contactrho.png Graphic file (type png)
 <use contactrho.png>
Package pdftex.def Info: contactrho.png used on input line 226.
(pdftex.def)             Requested size: 125.47737pt x 90.6317pt.

<ohmicconctact.png, id=598, 714.67pt x 277.035pt>
File: ohmicconctact.png Graphic file (type png)
 <use ohmicconctact.png>
Package pdftex.def Info: ohmicconctact.png used on input line 238.
(pdftex.def)             Requested size: 209.12683pt x 81.06517pt.

<is01.png, id=599, 523.9575pt x 482.80376pt>
File: is01.png Graphic file (type png)
 <use is01.png>
Package pdftex.def Info: is01.png used on input line 247.
(pdftex.def)             Requested size: 125.47737pt x 115.61742pt.
 [36 <./1tunnel.png> <./contactrho.png> <./ohmicconctact.png>]
<is02.png, id=610, 578.16pt x 558.085pt>
File: is02.png Graphic file (type png)
 <use is02.png>
Package pdftex.def Info: is02.png used on input line 256.
(pdftex.def)             Requested size: 79.46921pt x 76.70924pt.

<is03.png, id=611, 758.835pt x 526.96875pt>
File: is03.png Graphic file (type png)
 <use is03.png>
Package pdftex.def Info: is03.png used on input line 289.
(pdftex.def)             Requested size: 146.39133pt x 101.6609pt.
 [37 <./is01.png> <./is02.png>]) (./Chapter4.tex [38 <./is03.png>]
Chapter 4.
<mos_separate_material.png, id=626, 836.12375pt x 506.89375pt>
File: mos_separate_material.png Graphic file (type png)

<use mos_separate_material.png>
Package pdftex.def Info: mos_separate_material.png used on input line 12.
(pdftex.def)             Requested size: 292.77629pt x 177.49281pt.

<mos_theq.png, id=627, 740.7675pt x 427.5975pt>
File: mos_theq.png Graphic file (type png)
 <use mos_theq.png>
Package pdftex.def Info: mos_theq.png used on input line 20.
(pdftex.def)             Requested size: 209.12683pt x 120.71169pt.
 [39

 <./mos_separate_material.png>] <mos_vfb.png, id=632, 612.2875pt x 400.49625pt>
File: mos_vfb.png Graphic file (type png)

<use mos_vfb.png>
Package pdftex.def Info: mos_vfb.png used on input line 35.
(pdftex.def)             Requested size: 209.12683pt x 136.79025pt.
 <mos_accum.png, id=633, 616.3025pt x 389.455pt>
File: mos_accum.png Graphic file (type png)

<use mos_accum.png>
Package pdftex.def Info: mos_accum.png used on input line 52.
(pdftex.def)             Requested size: 209.12683pt x 132.15146pt.
 [40 <./mos_theq.png> <./mos_vfb.png> <./mos_accum.png>]
<mos_depl.png, id=641, 671.50874pt x 371.3875pt>
File: mos_depl.png Graphic file (type png)
 <use mos_depl.png>
Package pdftex.def Info: mos_depl.png used on input line 62.
(pdftex.def)             Requested size: 209.12683pt x 115.66162pt.

<mos_weak.png, id=642, 681.54625pt x 401.5pt>
File: mos_weak.png Graphic file (type png)
 <use mos_weak.png>
Package pdftex.def Info: mos_weak.png used on input line 70.
(pdftex.def)             Requested size: 209.12683pt x 123.19554pt.

<mos_electrostatic.png, id=643, 588.1975pt x 536.0025pt>
File: mos_electrostatic.png Graphic file (type png)

<use mos_electrostatic.png>
Package pdftex.def Info: mos_electrostatic.png used on input line 87.
(pdftex.def)             Requested size: 209.12683pt x 190.56438pt.
 [41 <./mos_depl.png> <./mos_weak.png>] [42 <./mos_electrostatic.png>] <logqVs.
png, id=658, 844.15375pt x 443.6575pt>
File: logqVs.png Graphic file (type png)

<use logqVs.png>
Package pdftex.def Info: logqVs.png used on input line 130.
(pdftex.def)             Requested size: 209.12683pt x 109.90541pt.
 [43 <./logqVs.png>]
<qvs.png, id=669, 1187.43625pt x 429.605pt>
File: qvs.png Graphic file (type png)
 <use qvs.png>
Package pdftex.def Info: qvs.png used on input line 163.
(pdftex.def)             Requested size: 209.12683pt x 75.66052pt.

Overfull \hbox (20.96405pt too wide) detected at line 191
[]\OML/cmm/m/it/10 V[] \OMS/cmsy/m/n/10 ^^@ \OML/cmm/m/it/10 V[] \OT1/cmr/m/n/1
0 = \OML/cmm/m/it/10 V[] \OT1/cmr/m/n/10 + [] [][] \OMS/cmsy/m/n/10 ' \OML/cmm/
m/it/10 V[] \OT1/cmr/m/n/10 + [][] []
 []

[44 <./qvs.png>] [45] <c-g1.png, id=691, 780.9175pt x 389.455pt>
File: c-g1.png Graphic file (type png)

<use c-g1.png>
Package pdftex.def Info: c-g1.png used on input line 266.
(pdftex.def)             Requested size: 146.39133pt x 73.00479pt.
 <c-gtot.png, id=692, 784.9325pt x 388.45125pt>
File: c-gtot.png Graphic file (type png)
 <use c-gtot.png>
Package pdftex.def Info: c-gtot.png used on input line 275.
(pdftex.def)             Requested size: 292.77629pt x 144.89238pt.

[46 <./c-g1.png>] <lfbd.png, id=700, 541.02126pt x 525.965pt>
File: lfbd.png Graphic file (type png)
 <use lfbd.png>
Package pdftex.def Info: lfbd.png used on input line 300.
(pdftex.def)             Requested size: 167.2989pt x 162.63815pt.

[47 <./c-gtot.png> <./lfbd.png>] <hfbd.png, id=706, 507.8975pt x 531.9875pt>
File: hfbd.png Graphic file (type png)

<use hfbd.png>
Package pdftex.def Info: hfbd.png used on input line 315.
(pdftex.def)             Requested size: 167.2989pt x 175.23172pt.
 <ddcond.png, id=707, 484.81125pt x 524.96124pt>
File: ddcond.png Graphic file (type png)

<use ddcond.png>
Package pdftex.def Info: ddcond.png used on input line 327.
(pdftex.def)             Requested size: 167.2989pt x 181.15187pt.
 [48 <./hfbd.png> <./ddcond.png>]
<qinv.png, id=712, 523.9575pt x 375.4025pt>
File: qinv.png Graphic file (type png)
 <use qinv.png>
Package pdftex.def Info: qinv.png used on input line 336.
(pdftex.def)             Requested size: 125.47737pt x 89.89795pt.

<ring.png, id=713, 996.72375pt x 349.305pt>
File: ring.png Graphic file (type png)
 <use ring.png>
Package pdftex.def Info: ring.png used on input line 358.
(pdftex.def)             Requested size: 292.77629pt x 102.60168pt.

<splitcv.png, id=714, 738.76pt x 362.35374pt>
File: splitcv.png Graphic file (type png)
 <use splitcv.png>
Package pdftex.def Info: splitcv.png used on input line 365.
(pdftex.def)             Requested size: 209.12683pt x 102.57523pt.
 [49 <./qinv.png> <./ring.png> <./splitcv.png>]
<sections.png, id=723, 598.235pt x 356.33125pt>
File: sections.png Graphic file (type png)
 <use sections.png>
Package pdftex.def Info: sections.png used on input line 376.
(pdftex.def)             Requested size: 146.39133pt x 87.19589pt.

<theqmosr.png, id=724, 625.33624pt x 398.48875pt>
File: theqmosr.png Graphic file (type png)
 <use theqmosr.png>
Package pdftex.def Info: theqmosr.png used on input line 388.
(pdftex.def)             Requested size: 292.77629pt x 186.57224pt.

<what1.png, id=725, 660.4675pt x 420.57124pt>
File: what1.png Graphic file (type png)
 <use what1.png>
Package pdftex.def Info: what1.png used on input line 398.
(pdftex.def)             Requested size: 292.77629pt x 186.43808pt.
 [50 <./sections.png> <./theqmosr.png>] <b1.png, id=732, 1012.78375pt x 456.706
25pt>
File: b1.png Graphic file (type png)

<use b1.png>
Package pdftex.def Info: b1.png used on input line 408.
(pdftex.def)             Requested size: 292.77629pt x 132.02328pt.
 [51 <./what1.png> <./b1.png>]
<mosring.png, id=740, 1011.78pt x 613.29124pt>
File: mosring.png Graphic file (type png)
 <use mosring.png>
Package pdftex.def Info: mosring.png used on input line 422.
(pdftex.def)             Requested size: 322.05711pt x 195.21846pt.

<vtprimo.png, id=741, 945.5325pt x 562.1pt>
File: vtprimo.png Graphic file (type png)
 <use vtprimo.png>
Package pdftex.def Info: vtprimo.png used on input line 434.
(pdftex.def)             Requested size: 167.2989pt x 99.44966pt.

<mbvsfdmos.png, id=742, 894.34125pt x 321.2pt>
File: mbvsfdmos.png Graphic file (type png)
 <use mbvsfdmos.png>
Package pdftex.def Info: mbvsfdmos.png used on input line 444.
(pdftex.def)             Requested size: 250.95476pt x 90.12653pt.
 [52 <./mosring.png> <./vtprimo.png> <./mbvsfdmos.png>]
<qinox.png, id=750, 663.47874pt x 380.42125pt>
File: qinox.png Graphic file (type png)
 <use qinox.png>
Package pdftex.def Info: qinox.png used on input line 459.
(pdftex.def)             Requested size: 250.95476pt x 143.88821pt.

<istafb.png, id=751, 354.32375pt x 280.04625pt>
File: istafb.png Graphic file (type png)
 <use istafb.png>
Package pdftex.def Info: istafb.png used on input line 484.
(pdftex.def)             Requested size: 83.64944pt x 66.11426pt.
 [53 <./qinox.png>] <istasi.png, id=759, 411.5375pt x 358.33875pt>
File: istasi.png Graphic file (type png)
 <use istasi.png>
Package pdftex.def Info: istasi.png used on input line 491.
(pdftex.def)             Requested size: 83.64944pt x 72.83658pt.

<cvis.png, id=760, 715.67375pt x 366.36874pt>
File: cvis.png Graphic file (type png)
 <use cvis.png>
Package pdftex.def Info: cvis.png used on input line 498.
(pdftex.def)             Requested size: 209.12683pt x 107.05481pt.

<process1.png, id=761, 1097.09875pt x 161.60374pt>
File: process1.png Graphic file (type png)
 <use process1.png>
Package pdftex.def Info: process1.png used on input line 508.
(pdftex.def)             Requested size: 271.86234pt x 40.04327pt.

<process1par.png, id=762, 472.76625pt x 184.69pt>
File: process1par.png Graphic file (type png)
 <use process1par.png>
Package pdftex.def Info: process1par.png used on input line 514.
(pdftex.def)             Requested size: 104.56342pt x 40.8489pt.

[54 <./istafb.png> <./istasi.png> <./cvis.png> <./process1.png> <./process1par.
png>] <process2.png, id=767, 1096.095pt x 169.63374pt>
File: process2.png Graphic file (type png)
 <use process2.png>
Package pdftex.def Info: process2.png used on input line 520.
(pdftex.def)             Requested size: 271.86234pt x 42.07442pt.

<polygate.png, id=768, 252.945pt x 353.32pt>
File: polygate.png Graphic file (type png)
 <use polygate.png>
Package pdftex.def Info: polygate.png used on input line 528.
(pdftex.def)             Requested size: 104.56342pt x 146.05899pt.
)
(./Chapter5.tex [55 <./process2.png> <./polygate.png>]
Chapter 5.
<mos1.png, id=776, 587.19376pt x 516.93124pt>
File: mos1.png Graphic file (type png)
 <use mos1.png>
Package pdftex.def Info: mos1.png used on input line 5.
(pdftex.def)             Requested size: 146.39133pt x 128.86964pt.
 [56

 <./mos1.png>]
<mos2.png, id=782, 1192.455pt x 418.56375pt>
File: mos2.png Graphic file (type png)
 <use mos2.png>
Package pdftex.def Info: mos2.png used on input line 28.
(pdftex.def)             Requested size: 376.42575pt x 132.12929pt.
 [57 <./mos2.png>]
<csa.png, id=790, 1107.13625pt x 479.7925pt>
File: csa.png Graphic file (type png)
 <use csa.png>
Package pdftex.def Info: csa.png used on input line 94.
(pdftex.def)             Requested size: 292.77629pt x 126.87352pt.
 [58 <./csa.png>]
<a1.png, id=798, 669.50125pt x 520.94624pt>
File: a1.png Graphic file (type png)
 <use a1.png>
Package pdftex.def Info: a1.png used on input line 106.
(pdftex.def)             Requested size: 146.39133pt x 113.90901pt.

<a2.png, id=799, 957.5775pt x 375.4025pt>
File: a2.png Graphic file (type png)
 <use a2.png>
Package pdftex.def Info: a2.png used on input line 123.
(pdftex.def)             Requested size: 209.12683pt x 81.98161pt.
 [59 <./a1.png> <./a2.png>]

Package hyperref Warning: Token not allowed in a PDF string (PDFDocEncoding):
(hyperref)                removing `math shift' on input line 161.


Package hyperref Warning: Token not allowed in a PDF string (PDFDocEncoding):
(hyperref)                removing `subscript' on input line 161.


Package hyperref Warning: Token not allowed in a PDF string (PDFDocEncoding):
(hyperref)                removing `\phi' on input line 161.


Package hyperref Warning: Token not allowed in a PDF string (PDFDocEncoding):
(hyperref)                removing `subscript' on input line 161.


Package hyperref Warning: Token not allowed in a PDF string (PDFDocEncoding):
(hyperref)                removing `math shift' on input line 161.

<ohmreg.png, id=807, 467.7475pt x 417.56pt>
File: ohmreg.png Graphic file (type png)
 <use ohmreg.png>
Package pdftex.def Info: ohmreg.png used on input line 173.
(pdftex.def)             Requested size: 71.10236pt x 63.47232pt.


Package hyperref Warning: Token not allowed in a PDF string (PDFDocEncoding):
(hyperref)                removing `math shift' on input line 186.


Package hyperref Warning: Token not allowed in a PDF string (PDFDocEncoding):
(hyperref)                removing `subscript' on input line 186.


Package hyperref Warning: Token not allowed in a PDF string (PDFDocEncoding):
(hyperref)                removing `\phi' on input line 186.


Package hyperref Warning: Token not allowed in a PDF string (PDFDocEncoding):
(hyperref)                removing `subscript' on input line 186.


Package hyperref Warning: Token not allowed in a PDF string (PDFDocEncoding):
(hyperref)                removing `math shift' on input line 186.


Overfull \hbox (52.52673pt too wide) detected at line 190
[]\OML/cmm/m/it/10 Q[] \OMS/cmsy/m/n/10 ' ^^@\OML/cmm/m/it/10 C[]\OT1/cmr/m/n/1
0 (\OML/cmm/m/it/10 V[] \OMS/cmsy/m/n/10 ^^@ \OML/cmm/m/it/10 V[] \OMS/cmsy/m/n
/10 ^^@ \OT1/cmr/m/n/10 2\OMS/cmsy/m/n/10 j\OML/cmm/m/it/10 ^^^[]\OMS/cmsy/m/n/
10 j ^^@ \OML/cmm/m/it/10 V\OT1/cmr/m/n/10 ) + [](1 + [][]) = \OMS/cmsy/m/n/10 
^^@\OT1/cmr/m/n/10 [\OML/cmm/m/it/10 :::\OT1/cmr/m/n/10 ] + []\OML/cmm/m/it/10 
V \OT1/cmr/m/n/10 = \OMS/cmsy/m/n/10 ^^@\OT1/cmr/m/n/10 [\OML/cmm/m/it/10 :::\O
T1/cmr/m/n/10 ] + \OMS/cmsy/m/n/10 j\OML/cmm/m/it/10 Q[]\OMS/cmsy/m/n/10 j \OT1
/cmr/m/n/10 + \OML/cmm/m/it/10 C[]V
 []

[60 <./ohmreg.png>] <parabreg.png, id=821, 452.69125pt x 407.5225pt>
File: parabreg.png Graphic file (type png)

<use parabreg.png>
Package pdftex.def Info: parabreg.png used on input line 214.
(pdftex.def)             Requested size: 104.56342pt x 94.12616pt.
 [61 <./parabreg.png>]
<mathexpl.png, id=832, 1038.88126pt x 471.7625pt>
File: mathexpl.png Graphic file (type png)
 <use mathexpl.png>
Package pdftex.def Info: mathexpl.png used on input line 241.
(pdftex.def)             Requested size: 292.77629pt x 132.94922pt.

<f1.png, id=833, 601.24625pt x 409.53pt>
File: f1.png Graphic file (type png)
 <use f1.png>
Package pdftex.def Info: f1.png used on input line 252.
(pdftex.def)             Requested size: 146.39133pt x 99.71396pt.

<f2.png, id=834, 810.02625pt x 495.8525pt>
File: f2.png Graphic file (type png)
 <use f2.png>
Package pdftex.def Info: f2.png used on input line 258.
(pdftex.def)             Requested size: 292.77629pt x 179.22554pt.
 [62 <./mathexpl.png> <./f1.png>] <f3.png, id=841, 862.22125pt x 496.85625pt>
File: f3.png Graphic file (type png)
 <use f3.png>
Package pdftex.def Info: f3.png used on input line 266.
(pdftex.def)             Requested size: 146.39133pt x 84.35072pt.


LaTeX Warning: Command \textquoteright invalid in math mode on input line 281.

[63 <./f2.png> <./f3.png>]
Overfull \hbox (28.50107pt too wide) detected at line 306
[]\OML/cmm/m/it/10 V\OT1/cmr/m/n/10 (\OML/cmm/m/it/10 y\OT1/cmr/m/n/10 ) \OMS/c
msy/m/n/10 ' [] ^^@ [][] ' [] ^^@ [] []
 []

<g1.png, id=846, 434.62375pt x 406.51875pt>
File: g1.png Graphic file (type png)
 <use g1.png>
Package pdftex.def Info: g1.png used on input line 313.
(pdftex.def)             Requested size: 83.64944pt x 78.23804pt.
 [64]
<pograph.png, id=856, 494.84875pt x 430.60875pt>
File: pograph.png Graphic file (type png)
 <use pograph.png>
Package pdftex.def Info: pograph.png used on input line 322.
(pdftex.def)             Requested size: 250.95476pt x 218.37228pt.

<2delectro.png, id=857, 1141.26375pt x 506.89375pt>
File: 2delectro.png Graphic file (type png)
 <use 2delectro.png>
Package pdftex.def Info: 2delectro.png used on input line 333.
(pdftex.def)             Requested size: 250.95476pt x 111.46283pt.

<transcaracteristic.png, id=858, 441.65pt x 469.755pt>
File: transcaracteristic.png Graphic file (type png)

<use transcaracteristic.png>
Package pdftex.def Info: transcaracteristic.png used on input line 341.
(pdftex.def)             Requested size: 146.39133pt x 155.70775pt.
 [65 <./g1.png> <./pograph.png> <./2delectro.png>]

Package hyperref Warning: Token not allowed in a PDF string (PDFDocEncoding):
(hyperref)                removing `math shift' on input line 354.


Package hyperref Warning: Token not allowed in a PDF string (PDFDocEncoding):
(hyperref)                removing `subscript' on input line 354.


Package hyperref Warning: Token not allowed in a PDF string (PDFDocEncoding):
(hyperref)                removing `math shift' on input line 354.

<gmmos.png, id=864, 500.87125pt x 334.24875pt>
File: gmmos.png Graphic file (type png)
 <use gmmos.png>
Package pdftex.def Info: gmmos.png used on input line 361.
(pdftex.def)             Requested size: 146.39133pt x 97.68958pt.


Package hyperref Warning: Token not allowed in a PDF string (PDFDocEncoding):
(hyperref)                removing `math shift' on input line 365.


Package hyperref Warning: Token not allowed in a PDF string (PDFDocEncoding):
(hyperref)                removing `subscript' on input line 365.


Package hyperref Warning: Token not allowed in a PDF string (PDFDocEncoding):
(hyperref)                removing `math shift' on input line 365.

[66 <./transcaracteristic.png> <./gmmos.png>]
<early.png, id=870, 514.92375pt x 358.33875pt>
File: early.png Graphic file (type png)
 <use early.png>
Package pdftex.def Info: early.png used on input line 374.
(pdftex.def)             Requested size: 146.39133pt x 101.8706pt.

<early1.png, id=871, 593.21625pt x 359.3425pt>
File: early1.png Graphic file (type png)
 <use early1.png>
Package pdftex.def Info: early1.png used on input line 397.
(pdftex.def)             Requested size: 188.21288pt x 114.01047pt.
 [67 <./early.png> <./early1.png>] <smallsig.png, id=882, 553.06625pt x 238.892
5pt>
File: smallsig.png Graphic file (type png)

<use smallsig.png>
Package pdftex.def Info: smallsig.png used on input line 436.
(pdftex.def)             Requested size: 209.12683pt x 90.32808pt.
 [68 <./smallsig.png>]
<body1.png, id=896, 1049.9225pt x 423.5825pt>
File: body1.png Graphic file (type png)
 <use body1.png>
Package pdftex.def Info: body1.png used on input line 473.
(pdftex.def)             Requested size: 209.12683pt x 84.36597pt.

<body2.png, id=897, 739.76375pt x 319.1925pt>
File: body2.png Graphic file (type png)
 <use body2.png>
Package pdftex.def Info: body2.png used on input line 483.
(pdftex.def)             Requested size: 146.39133pt x 63.16524pt.
 [69 <./body1.png>] <body3.png, id=907, 506.89375pt x 480.79625pt>
File: body3.png Graphic file (type png)
 <use body3.png>
Package pdftex.def Info: body3.png used on input line 493.
(pdftex.def)             Requested size: 83.64944pt x 79.34262pt.

<subth.png, id=908, 696.6025pt x 518.93875pt>
File: subth.png Graphic file (type png)
 <use subth.png>
Package pdftex.def Info: subth.png used on input line 509.
(pdftex.def)             Requested size: 146.39133pt x 109.05162pt.
 [70 <./body2.png> <./body3.png> <./subth.png>] <subth2.png, id=917, 437.635pt 
x 396.48125pt>
File: subth2.png Graphic file (type png)

<use subth2.png>
Package pdftex.def Info: subth2.png used on input line 541.
(pdftex.def)             Requested size: 83.64944pt x 75.77989pt.
 [71 <./subth2.png>]
<tranclog.png, id=930, 510.90875pt x 379.4175pt>
File: tranclog.png Graphic file (type png)
 <use tranclog.png>
Package pdftex.def Info: tranclog.png used on input line 576.
(pdftex.def)             Requested size: 146.39133pt x 108.71405pt.

<noisefloor.png, id=931, 919.435pt x 536.0025pt>
File: noisefloor.png Graphic file (type png)
 <use noisefloor.png>
Package pdftex.def Info: noisefloor.png used on input line 589.
(pdftex.def)             Requested size: 167.2989pt x 97.52316pt.

<tchange.png, id=932, 720.6925pt x 586.19pt>
File: tchange.png Graphic file (type png)
 <use tchange.png>
Package pdftex.def Info: tchange.png used on input line 605.
(pdftex.def)             Requested size: 146.39133pt x 119.06955pt.
 [72 <./tranclog.png> <./noisefloor.png>] <1tchange.png, id=941, 561.09625pt x 
576.1525pt>
File: 1tchange.png Graphic file (type png)

<use 1tchange.png>
Package pdftex.def Info: 1tchange.png used on input line 612.
(pdftex.def)             Requested size: 62.73549pt x 64.41434pt.


Package hyperref Warning: Token not allowed in a PDF string (PDFDocEncoding):
(hyperref)                removing `math shift' on input line 646.


Package hyperref Warning: Token not allowed in a PDF string (PDFDocEncoding):
(hyperref)                removing `superscript' on input line 646.


Package hyperref Warning: Token not allowed in a PDF string (PDFDocEncoding):
(hyperref)                removing `math shift' on input line 646.

<parasR1.png, id=942, 613.29124pt x 362.35374pt>
File: parasR1.png Graphic file (type png)
 <use parasR1.png>
Package pdftex.def Info: parasR1.png used on input line 650.
(pdftex.def)             Requested size: 146.39133pt x 86.49117pt.
 [73 <./tchange.png> <./1tchange.png>] <parasR2.png, id=953, 685.56125pt x 531.
9875pt>
File: parasR2.png Graphic file (type png)

<use parasR2.png>
Package pdftex.def Info: parasR2.png used on input line 658.
(pdftex.def)             Requested size: 188.21288pt x 146.04942pt.
 [74 <./parasR1.png> <./parasR2.png>]
<parC.png, id=961, 860.21375pt x 366.36874pt>
File: parC.png Graphic file (type png)
 <use parC.png>
Package pdftex.def Info: parC.png used on input line 693.
(pdftex.def)             Requested size: 209.12683pt x 89.06512pt.

<leak1.png, id=962, 344.28625pt x 429.605pt>
File: leak1.png Graphic file (type png)
 <use leak1.png>
Package pdftex.def Info: leak1.png used on input line 715.
(pdftex.def)             Requested size: 104.56342pt x 130.4754pt.
 [75 <./parC.png> <./leak1.png>] <fndt.png, id=970, 460.72125pt x 365.365pt>
File: fndt.png Graphic file (type png)
 <use fndt.png>
Package pdftex.def Info: fndt.png used on input line 744.
(pdftex.def)             Requested size: 146.39133pt x 116.0885pt.

<qox.png, id=971, 695.59875pt x 516.93124pt>
File: qox.png Graphic file (type png)
 <use qox.png>
Package pdftex.def Info: qox.png used on input line 752.
(pdftex.def)             Requested size: 146.39133pt x 108.7875pt.
 [76 <./fndt.png> <./qox.png>] <flatinggate.png, id=981, 1238.6275pt x 270.0087
4pt>
File: flatinggate.png Graphic file (type png)

<use flatinggate.png>
Package pdftex.def Info: flatinggate.png used on input line 764.
(pdftex.def)             Requested size: 376.42575pt x 82.05795pt.
 <interfacest.png, id=982, 1091.07625pt x 310.15875pt>
File: interfacest.png Graphic file (type png)

<use interfacest.png>
Package pdftex.def Info: interfacest.png used on input line 778.
(pdftex.def)             Requested size: 292.77629pt x 83.22339pt.


Package hyperref Warning: Token not allowed in a PDF string (PDFDocEncoding):
(hyperref)                removing `math shift' on input line 793.


Package hyperref Warning: Token not allowed in a PDF string (PDFDocEncoding):
(hyperref)                removing `superscript' on input line 793.


Package hyperref Warning: Token not allowed in a PDF string (PDFDocEncoding):
(hyperref)                removing `math shift' on input line 793.

[77 <./flatinggate.png> <./interfacest.png>]
<longch.png, id=990, 676.5275pt x 543.02875pt>
File: longch.png Graphic file (type png)
 <use longch.png>
Package pdftex.def Info: longch.png used on input line 797.
(pdftex.def)             Requested size: 209.12683pt x 167.85658pt.

<shortch.png, id=991, 396.48125pt x 471.7625pt>
File: shortch.png Graphic file (type png)
 <use shortch.png>
Package pdftex.def Info: shortch.png used on input line 804.
(pdftex.def)             Requested size: 146.39133pt x 174.18945pt.

<shortcheff.png, id=992, 638.385pt x 424.58624pt>
File: shortcheff.png Graphic file (type png)
 <use shortcheff.png>
Package pdftex.def Info: shortcheff.png used on input line 811.
(pdftex.def)             Requested size: 146.39133pt x 97.36124pt.
 [78 <./longch.png> <./shortch.png>] <dibl.png, id=997, 473.77pt x 211.79124pt>
File: dibl.png Graphic file (type png)

<use dibl.png>
Package pdftex.def Info: dibl.png used on input line 817.
(pdftex.def)             Requested size: 209.12683pt x 93.48575pt.
 <shorttc.png, id=998, 871.255pt x 457.71pt>
File: shorttc.png Graphic file (type png)
 <use shorttc.png>
Package pdftex.def Info: shorttc.png used on input line 824.
(pdftex.def)             Requested size: 209.12683pt x 109.85962pt.

[79 <./shortcheff.png> <./dibl.png> <./shorttc.png>]
<satvel.png, id=1006, 685.56125pt x 471.7625pt>
File: satvel.png Graphic file (type png)
 <use satvel.png>
Package pdftex.def Info: satvel.png used on input line 847.
(pdftex.def)             Requested size: 125.47737pt x 86.34608pt.

<muefff.png, id=1007, 809.0225pt x 494.84875pt>
File: muefff.png Graphic file (type png)
 <use muefff.png>
Package pdftex.def Info: muefff.png used on input line 858.
(pdftex.def)             Requested size: 146.39133pt x 89.53708pt.
 [80 <./satvel.png> <./muefff.png>] <ls.png, id=1016, 916.42375pt x 543.02875pt
>
File: ls.png Graphic file (type png)
 <use ls.png>
Package pdftex.def Info: ls.png used on input line 887.
(pdftex.def)             Requested size: 146.39133pt x 86.7455pt.

<shorta.png, id=1017, 879.285pt x 358.33875pt>
File: shorta.png Graphic file (type png)
 <use shorta.png>
Package pdftex.def Info: shorta.png used on input line 894.
(pdftex.def)             Requested size: 313.69025pt x 127.8372pt.

<hotelectrons.png, id=1018, 458.71375pt x 465.74pt>
File: hotelectrons.png Graphic file (type png)
 <use hotelectrons.png>
Package pdftex.def Info: hotelectrons.png used on input line 901.
(pdftex.def)             Requested size: 146.39133pt x 148.63477pt.

[81 <./ls.png> <./shorta.png>]
LaTeX Font Info:    Try loading font information for OMS+cmr on input line 929.


(/usr/share/texlive/texmf-dist/tex/latex/base/omscmr.fd
File: omscmr.fd 2014/09/29 v2.5h Standard LaTeX font definitions
)
LaTeX Font Info:    Font shape `OMS/cmr/m/n' in size <10> not available
(Font)              Font shape `OMS/cmsy/m/n' tried instead on input line 929.
 [82 <./hotelectrons.png>] [83] [84] <trianglemos.png, id=1048, 620.3175pt x 50
1.875pt>
File: trianglemos.png Graphic file (type png)

<use trianglemos.png>
Package pdftex.def Info: trianglemos.png used on input line 1032.
(pdftex.def)             Requested size: 146.39133pt x 118.4384pt.
 <finfet.png, id=1049, 368.37625pt x 376.40625pt>
File: finfet.png Graphic file (type png)

<use finfet.png>
Package pdftex.def Info: finfet.png used on input line 1044.
(pdftex.def)             Requested size: 146.39133pt x 149.57768pt.
 [85 <./trianglemos.png> <./finfet.png>]
<finfetbd.png, id=1057, 715.67375pt x 475.7775pt>
File: finfetbd.png Graphic file (type png)
 <use finfetbd.png>
Package pdftex.def Info: finfetbd.png used on input line 1051.
(pdftex.def)             Requested size: 146.39133pt x 97.31721pt.

<mosrand.png, id=1058, 644.4075pt x 418.56375pt>
File: mosrand.png Graphic file (type png)
 <use mosrand.png>
Package pdftex.def Info: mosrand.png used on input line 1064.
(pdftex.def)             Requested size: 62.73549pt x 40.74753pt.

<percolative.png, id=1059, 939.51pt x 378.41376pt>
File: percolative.png Graphic file (type png)
 <use percolative.png>
Package pdftex.def Info: percolative.png used on input line 1072.
(pdftex.def)             Requested size: 146.39133pt x 58.95955pt.
)
(./Chapter6.tex [86 <./finfetbd.png> <./mosrand.png> <./percolative.png>]
Chapter 6.
<bjt1.png, id=1065, 429.605pt x 341.275pt>
File: bjt1.png Graphic file (type png)
 <use bjt1.png>
Package pdftex.def Info: bjt1.png used on input line 7.
(pdftex.def)             Requested size: 146.39133pt x 116.29233pt.

<bjt2.png, id=1066, 534.99875pt x 399.4925pt>
File: bjt2.png Graphic file (type png)
 <use bjt2.png>
Package pdftex.def Info: bjt2.png used on input line 23.
(pdftex.def)             Requested size: 146.39133pt x 109.3152pt.
 [87

 <./bjt1.png>]
<bjt3.png, id=1071, 483.8075pt x 305.14pt>
File: bjt3.png Graphic file (type png)
 <use bjt3.png>
Package pdftex.def Info: bjt3.png used on input line 32.
(pdftex.def)             Requested size: 146.39133pt x 92.32957pt.
 [88 <./bjt2.png> <./bjt3.png>] <bjt4.png, id=1078, 735.74875pt x 487.8225pt>
File: bjt4.png Graphic file (type png)
 <use bjt4.png>
Package pdftex.def Info: bjt4.png used on input line 78.
(pdftex.def)             Requested size: 146.39133pt x 97.0566pt.
 [89 <./bjt4.png>] <bjt5.png, id=1090, 301.125pt x 204.765pt>
File: bjt5.png Graphic file (type png)
 <use bjt5.png>
Package pdftex.def Info: bjt5.png used on input line 122.
(pdftex.def)             Requested size: 83.64944pt x 56.88075pt.

<bjt6.png, id=1091, 782.925pt x 489.83pt>
File: bjt6.png Graphic file (type png)
 <use bjt6.png>
Package pdftex.def Info: bjt6.png used on input line 128.
(pdftex.def)             Requested size: 167.2989pt x 104.66861pt.
 [90 <./bjt5.png> <./bjt6.png>] <emi.png, id=1099, 657.45625pt x 554.07pt>
File: emi.png Graphic file (type png)
 <use emi.png>
Package pdftex.def Info: emi.png used on input line 165.
(pdftex.def)             Requested size: 146.39133pt x 123.36684pt.
 [91 <./emi.png>]

Package hyperref Warning: Token not allowed in a PDF string (PDFDocEncoding):
(hyperref)                removing `math shift' on input line 204.


Package hyperref Warning: Token not allowed in a PDF string (PDFDocEncoding):
(hyperref)                removing `\beta' on input line 204.


Package hyperref Warning: Token not allowed in a PDF string (PDFDocEncoding):
(hyperref)                removing `math shift' on input line 204.


Package hyperref Warning: Token not allowed in a PDF string (PDFDocEncoding):
(hyperref)                removing `math shift' on input line 204.


Package hyperref Warning: Token not allowed in a PDF string (PDFDocEncoding):
(hyperref)                removing `subscript' on input line 204.


Package hyperref Warning: Token not allowed in a PDF string (PDFDocEncoding):
(hyperref)                removing `math shift' on input line 204.

<bjt7.png, id=1112, 768.8725pt x 484.81125pt>
File: bjt7.png Graphic file (type png)
 <use bjt7.png>
Package pdftex.def Info: bjt7.png used on input line 208.
(pdftex.def)             Requested size: 104.56342pt x 65.92754pt.

<bjt8.png, id=1113, 474.77374pt x 443.6575pt>
File: bjt8.png Graphic file (type png)
 <use bjt8.png>
Package pdftex.def Info: bjt8.png used on input line 214.
(pdftex.def)             Requested size: 146.39133pt x 136.7945pt.
 [92 <./bjt7.png>]
<bjt9.png, id=1124, 1324.95pt x 368.37625pt>
File: bjt9.png Graphic file (type png)
 <use bjt9.png>
Package pdftex.def Info: bjt9.png used on input line 235.
(pdftex.def)             Requested size: 334.60422pt x 93.0269pt.

<bjt10.png, id=1125, 1089.06876pt x 468.75125pt>
File: bjt10.png Graphic file (type png)
 <use bjt10.png>
Package pdftex.def Info: bjt10.png used on input line 243.
(pdftex.def)             Requested size: 146.39133pt x 63.00688pt.
 [93 <./bjt8.png> <./bjt9.png> <./bjt10.png>] <bjt11.png, id=1130, 788.9475pt x
 348.30125pt>
File: bjt11.png Graphic file (type png)

<use bjt11.png>
Package pdftex.def Info: bjt11.png used on input line 271.
(pdftex.def)             Requested size: 146.39133pt x 64.62604pt.
 <bjt12.png, id=1131, 539.01375pt x 508.90125pt>
File: bjt12.png Graphic file (type png)

<use bjt12.png>
Package pdftex.def Info: bjt12.png used on input line 280.
(pdftex.def)             Requested size: 146.39133pt x 138.21275pt.
 [94 <./bjt11.png> <./bjt12.png>]
<ear.png, id=1140, 1002.74625pt x 400.49625pt>
File: ear.png Graphic file (type png)
 <use ear.png>
Package pdftex.def Info: ear.png used on input line 293.
(pdftex.def)             Requested size: 313.69025pt x 125.28922pt.
 [95 <./ear.png>]
<bjt13.png, id=1149, 810.02625pt x 374.39874pt>
File: bjt13.png Graphic file (type png)
 <use bjt13.png>
Package pdftex.def Info: bjt13.png used on input line 370.
(pdftex.def)             Requested size: 146.39133pt x 67.66307pt.
 [96]
<bjt14.png, id=1159, 602.25pt x 526.96875pt>
File: bjt14.png Graphic file (type png)
 <use bjt14.png>
Package pdftex.def Info: bjt14.png used on input line 388.
(pdftex.def)             Requested size: 146.39133pt x 128.0913pt.

<bjtfinal.png, id=1160, 1199.48125pt x 379.4175pt>
File: bjtfinal.png Graphic file (type png)
 <use bjtfinal.png>
Package pdftex.def Info: bjtfinal.png used on input line 404.
(pdftex.def)             Requested size: 188.21288pt x 59.53278pt.
 [97 <./bjt13.png> <./bjt14.png> <./bjtfinal.png>]) (./Chapter7.tex [98]
Chapter 7.
[99

] [100])
Package atveryend Info: Empty hook `BeforeClearDocument' on input line 54.
 [101]
Package atveryend Info: Empty hook `AfterLastShipout' on input line 54.
 (./ED.aux)
Package atveryend Info: Executing hook `AtVeryEndDocument' on input line 54.
Package atveryend Info: Empty hook `AtEndAfterFileList' on input line 54.


LaTeX Font Warning: Some font shapes were not available, defaults substituted.

Package atveryend Info: Empty hook `AtVeryVeryEnd' on input line 54.
 ) 
Here is how much of TeX's memory you used:
 8961 strings out of 493029
 123148 string characters out of 6136233
 210002 words of memory out of 5000000
 11649 multiletter control sequences out of 15000+600000
 15139 words of font info for 58 fonts, out of 8000000 for 9000
 1141 hyphenation exceptions out of 8191
 29i,13n,30p,596b,381s stack positions out of 5000i,500n,10000p,200000b,80000s
</usr/share/texlive/texmf-dist/fonts/type1/public/amsfonts/cm/cmbx10.pfb></us
r/share/texlive/texmf-dist/fonts/type1/public/amsfonts/cm/cmbx12.pfb></usr/shar
e/texlive/texmf-dist/fonts/type1/public/amsfonts/cm/cmcsc10.pfb></usr/share/tex
live/texmf-dist/fonts/type1/public/amsfonts/cm/cmex10.pfb></usr/share/texlive/t
exmf-dist/fonts/type1/public/amsfonts/cmextra/cmex7.pfb></usr/share/texlive/tex
mf-dist/fonts/type1/public/amsfonts/cm/cmmi10.pfb></usr/share/texlive/texmf-dis
t/fonts/type1/public/amsfonts/cm/cmmi12.pfb></usr/share/texlive/texmf-dist/font
s/type1/public/amsfonts/cm/cmmi5.pfb></usr/share/texlive/texmf-dist/fonts/type1
/public/amsfonts/cm/cmmi6.pfb></usr/share/texlive/texmf-dist/fonts/type1/public
/amsfonts/cm/cmmi7.pfb></usr/share/texlive/texmf-dist/fonts/type1/public/amsfon
ts/cm/cmmi8.pfb></usr/share/texlive/texmf-dist/fonts/type1/public/amsfonts/cm/c
mr10.pfb></usr/share/texlive/texmf-dist/fonts/type1/public/amsfonts/cm/cmr12.pf
b></usr/share/texlive/texmf-dist/fonts/type1/public/amsfonts/cm/cmr5.pfb></usr/
share/texlive/texmf-dist/fonts/type1/public/amsfonts/cm/cmr6.pfb></usr/share/te
xlive/texmf-dist/fonts/type1/public/amsfonts/cm/cmr7.pfb></usr/share/texlive/te
xmf-dist/fonts/type1/public/amsfonts/cm/cmr8.pfb></usr/share/texlive/texmf-dist
/fonts/type1/public/amsfonts/cm/cmsy10.pfb></usr/share/texlive/texmf-dist/fonts
/type1/public/amsfonts/cm/cmsy5.pfb></usr/share/texlive/texmf-dist/fonts/type1/
public/amsfonts/cm/cmsy7.pfb></usr/share/texlive/texmf-dist/fonts/type1/public/
amsfonts/cm/cmti10.pfb></usr/share/texlive/texmf-dist/fonts/type1/public/amsfon
ts/cm/cmtt10.pfb></usr/share/texlive/texmf-dist/fonts/type1/public/amsfonts/sym
bols/msam10.pfb></usr/share/texlive/texmf-dist/fonts/type1/public/amsfonts/symb
ols/msbm10.pfb></usr/share/texlive/texmf-dist/fonts/type1/public/amsfonts/symbo
ls/msbm5.pfb></usr/share/texlive/texmf-dist/fonts/type1/public/amsfonts/symbols
/msbm7.pfb>
Output written on ED.pdf (101 pages, 4046693 bytes).
PDF statistics:
 1790 PDF objects out of 2073 (max. 8388607)
 1490 compressed objects within 15 object streams
 567 named destinations out of 1000 (max. 500000)
 1773 words of extra memory for PDF output out of 10000 (max. 10000000)

